mode: atomic
github.com/kaankoken/versioning-tool/cmd/main_app.go:14.54,16.20 1 4
github.com/kaankoken/versioning-tool/cmd/main_app.go:20.2,20.19 1 3
github.com/kaankoken/versioning-tool/cmd/main_app.go:24.2,35.15 3 2
github.com/kaankoken/versioning-tool/cmd/main_app.go:16.20,18.3 1 1
github.com/kaankoken/versioning-tool/cmd/main_app.go:20.19,22.3 1 1
github.com/kaankoken/versioning-tool/cmd/main_app.go:39.71,42.41 1 3
github.com/kaankoken/versioning-tool/cmd/main_app.go:42.41,45.5 2 3
github.com/kaankoken/versioning-tool/cmd/main_app.go:46.40,49.5 2 3
github.com/kaankoken/versioning-tool/pkg/flavor.go:12.36,14.2 1 2
github.com/kaankoken/versioning-tool/pkg/start.go:34.86,35.36 1 4
github.com/kaankoken/versioning-tool/pkg/start.go:39.2,39.80 1 2
github.com/kaankoken/versioning-tool/pkg/start.go:35.36,37.3 1 2
github.com/kaankoken/versioning-tool/pkg/tag.go:12.30,16.2 2 2
